2025-11-20 14:41:54 | Initializing tank red envelope game.
2025-11-20 14:41:54 | Engine seeded with value 4263977571.
2025-11-20 14:41:54 | Resolved HTTP port 8080.
2025-11-20 14:41:54 | Starting web server event loop.
2025-11-20 14:41:54 | Web server listening on port 8080.
2025-11-20 14:42:01 | Request: GET /
2025-11-20 14:42:01 | Request: GET /static/duck.png
2025-11-20 14:42:01 | Request: GET /static/hat1.png
2025-11-20 14:42:01 | Request: GET /static/cloth1.png
2025-11-20 14:42:01 | Request: GET /static/hat2.png
2025-11-20 14:42:01 | Request: GET /static/hat3.png
2025-11-20 14:42:01 | Request: GET /static/duck2.jpg
2025-11-20 14:42:01 | Request: GET /static/cloth2.png
2025-11-20 14:42:01 | Request: GET /static/cloth3.png
2025-11-20 14:42:01 | Request: GET /favicon.ico
2025-11-20 14:42:01 | Responded 404 for path /favicon.ico.
2025-11-20 14:42:02 | Request: POST /reset
2025-11-20 14:42:02 | Reset request completed and engine reseeded.
2025-11-20 14:42:02 | Request: GET /state
2025-11-20 14:42:02 | Request: GET /static/tank.jpg
2025-11-20 14:42:03 | Request: GET /state
2025-11-20 14:42:03 | Request: GET /state
2025-11-20 14:42:04 | Request: GET /state
2025-11-20 14:42:04 | Request: GET /state
2025-11-20 14:42:05 | Request: GET /state
2025-11-20 14:42:05 | Request: GET /static/hat1.png
2025-11-20 14:42:05 | Request: GET /static/hat1.png
2025-11-20 14:42:05 | Request: GET /state
2025-11-20 14:42:06 | Request: GET /state
2025-11-20 14:42:06 | Request: GET /static/hat2.png
2025-11-20 14:42:06 | Request: GET /static/hat2.png
2025-11-20 14:42:06 | Request: GET /state
2025-11-20 14:42:07 | Request: GET /state
2025-11-20 14:42:07 | Request: GET /static/cloth2.png
2025-11-20 14:42:07 | Request: GET /state
2025-11-20 14:42:07 | Request: GET /static/cloth2.png
2025-11-20 14:42:07 | Request: GET /state
2025-11-20 14:42:08 | Request: GET /state
2025-11-20 14:42:08 | Request: GET /static/cloth3.png
2025-11-20 14:42:08 | Request: GET /static/cloth2.png
2025-11-20 14:42:08 | Request: GET /state
2025-11-20 14:42:09 | Request: GET /state
2025-11-20 14:42:09 | Request: GET /static/hat3.png
2025-11-20 14:42:09 | Request: GET /state
2025-11-20 14:42:10 | Request: GET /state
2025-11-20 14:42:10 | Request: GET /state
2025-11-20 14:42:11 | Request: GET /state
2025-11-20 14:42:11 | Request: GET /state
2025-11-20 14:42:11 | Request: GET /static/cloth2.png
2025-11-20 14:42:11 | Request: GET /state
2025-11-20 14:42:12 | Request: GET /state
2025-11-20 14:42:12 | Request: GET /state
2025-11-20 14:42:12 | Request: GET /static/hat1.png
2025-11-20 14:42:13 | Request: GET /static/hat1.png
2025-11-20 14:42:13 | Request: GET /state
2025-11-20 14:42:13 | Request: GET /state
2025-11-20 14:42:14 | Request: GET /static/hat1.png
2025-11-20 14:42:14 | Request: GET /static/hat2.png
2025-11-20 14:42:14 | Request: GET /state
2025-11-20 14:42:14 | Request: GET /state
2025-11-20 14:42:15 | Request: GET /state
2025-11-20 14:42:15 | Request: GET /state
2025-11-20 14:42:16 | Request: GET /state
2025-11-20 14:42:16 | Request: GET /static/cloth2.png
2025-11-20 14:42:16 | Request: GET /state
2025-11-20 14:42:16 | Request: GET /state
2025-11-20 14:42:17 | Request: GET /state
2025-11-20 14:42:17 | Request: GET /state
2025-11-20 14:42:18 | Request: GET /state
2025-11-20 14:42:18 | Request: POST /move
2025-11-20 14:42:18 | Move request, body='direction=down', moved=true, timeUp=false.
2025-11-20 14:42:18 | Request: GET /state
2025-11-20 14:42:18 | Request: GET /state
2025-11-20 14:42:18 | Request: POST /move
2025-11-20 14:42:18 | Move request, body='direction=down', moved=true, timeUp=false.
2025-11-20 14:42:18 | Request: GET /state
2025-11-20 14:42:19 | Request: POST /move
2025-11-20 14:42:19 | Move request, body='direction=left', moved=true, timeUp=false.
2025-11-20 14:42:19 | Request: GET /state
2025-11-20 14:42:19 | Request: GET /state
2025-11-20 14:42:19 | Request: POST /move
2025-11-20 14:42:19 | Move request, body='direction=left', moved=true, timeUp=false.
2025-11-20 14:42:19 | Request: GET /state
2025-11-20 14:42:19 | Request: POST /move
2025-11-20 14:42:19 | Move request, body='direction=left', moved=true, timeUp=false.
2025-11-20 14:42:19 | Request: GET /state
2025-11-20 14:42:19 | Request: GET /state
2025-11-20 14:42:19 | Request: POST /move
2025-11-20 14:42:19 | Move request, body='direction=left', moved=true, timeUp=false.
2025-11-20 14:42:19 | Request: GET /state
2025-11-20 14:42:19 | Request: POST /move
2025-11-20 14:42:19 | Move request, body='direction=left', moved=true, timeUp=false.
2025-11-20 14:42:19 | Request: GET /state
2025-11-20 14:42:19 | Request: POST /move
2025-11-20 14:42:19 | Move request, body='direction=up', moved=true, timeUp=false.
2025-11-20 14:42:19 | Request: GET /state
2025-11-20 14:42:20 | Request: GET /state
2025-11-20 14:42:20 | Request: POST /move
2025-11-20 14:42:20 | Move request, body='direction=right', moved=true, timeUp=false.
2025-11-20 14:42:20 | Request: GET /state
2025-11-20 14:42:20 | Request: GET /state
2025-11-20 14:42:20 | Request: POST /move
2025-11-20 14:42:20 | Move request, body='direction=right', moved=true, timeUp=false.
2025-11-20 14:42:20 | Request: GET /state
2025-11-20 14:42:20 | Request: POST /move
2025-11-20 14:42:20 | Move request, body='direction=right', moved=true, timeUp=false.
2025-11-20 14:42:20 | Request: GET /state
2025-11-20 14:42:20 | Request: POST /move
2025-11-20 14:42:20 | Move request, body='direction=right', moved=true, timeUp=false.
2025-11-20 14:42:20 | Request: GET /state
2025-11-20 14:42:20 | Request: POST /move
2025-11-20 14:42:20 | Move request, body='direction=right', moved=true, timeUp=false.
2025-11-20 14:42:20 | Request: GET /state
2025-11-20 14:42:20 | Request: GET /state
2025-11-20 14:42:21 | Request: POST /move
2025-11-20 14:42:21 | Move request, body='direction=right', moved=true, timeUp=false.
2025-11-20 14:42:21 | Request: GET /state
2025-11-20 14:42:21 | Request: POST /move
2025-11-20 14:42:21 | Move request, body='direction=right', moved=true, timeUp=false.
2025-11-20 14:42:21 | Request: GET /state
2025-11-20 14:42:21 | Request: POST /move
2025-11-20 14:42:21 | Move request, body='direction=right', moved=true, timeUp=false.
2025-11-20 14:42:21 | Request: GET /state
2025-11-20 14:42:21 | Request: POST /move
2025-11-20 14:42:21 | Move request, body='direction=up', moved=true, timeUp=false.
2025-11-20 14:42:21 | Request: GET /state
2025-11-20 14:42:21 | Request: GET /state
2025-11-20 14:42:21 | Request: POST /move
2025-11-20 14:42:21 | Move request, body='direction=left', moved=true, timeUp=false.
2025-11-20 14:42:21 | Request: GET /state
2025-11-20 14:42:21 | Request: GET /state
2025-11-20 14:42:22 | Request: POST /move
2025-11-20 14:42:22 | Move request, body='direction=left', moved=true, timeUp=false.
2025-11-20 14:42:22 | Request: GET /state
2025-11-20 14:42:22 | Request: POST /move
2025-11-20 14:42:22 | Move request, body='direction=up', moved=true, timeUp=false.
2025-11-20 14:42:22 | Request: GET /state
2025-11-20 14:42:22 | Request: GET /state
2025-11-20 14:42:22 | Request: POST /move
2025-11-20 14:42:22 | Move request, body='direction=up', moved=true, timeUp=false.
2025-11-20 14:42:22 | Request: GET /state
2025-11-20 14:42:22 | Request: GET /state
2025-11-20 14:42:22 | Request: POST /move
2025-11-20 14:42:22 | Move request, body='direction=up', moved=true, timeUp=false.
2025-11-20 14:42:22 | Request: GET /state
2025-11-20 14:42:23 | Request: POST /move
2025-11-20 14:42:23 | Move request, body='direction=up', moved=true, timeUp=false.
2025-11-20 14:42:23 | Request: GET /state
2025-11-20 14:42:23 | Request: GET /state
2025-11-20 14:42:23 | Request: POST /move
2025-11-20 14:42:23 | Move request, body='direction=up', moved=true, timeUp=false.
2025-11-20 14:42:23 | Request: GET /state
2025-11-20 14:42:23 | Request: POST /move
2025-11-20 14:42:23 | Move request, body='direction=down', moved=true, timeUp=false.
2025-11-20 14:42:23 | Request: GET /state
2025-11-20 14:42:23 | Request: GET /state
2025-11-20 14:42:24 | Request: GET /state
2025-11-20 14:42:24 | Request: POST /move
2025-11-20 14:42:24 | Move request, body='direction=down', moved=true, timeUp=false.
2025-11-20 14:42:24 | Request: GET /state
2025-11-20 14:42:24 | Request: POST /move
2025-11-20 14:42:24 | Move request, body='direction=down', moved=true, timeUp=false.
2025-11-20 14:42:24 | Request: GET /state
2025-11-20 14:42:24 | Request: POST /move
2025-11-20 14:42:24 | Move request, body='direction=left', moved=true, timeUp=false.
2025-11-20 14:42:24 | Request: GET /state
2025-11-20 14:42:24 | Request: GET /state
2025-11-20 14:42:24 | Request: POST /move
2025-11-20 14:42:24 | Move request, body='direction=down', moved=true, timeUp=false.
2025-11-20 14:42:24 | Request: GET /state
2025-11-20 14:42:24 | Request: POST /move
2025-11-20 14:42:24 | Move request, body='direction=left', moved=true, timeUp=false.
2025-11-20 14:42:24 | Request: GET /state
2025-11-20 14:42:25 | Request: GET /state
2025-11-20 14:42:25 | Request: POST /move
2025-11-20 14:42:25 | Move request, body='direction=down', moved=true, timeUp=false.
2025-11-20 14:42:25 | Request: GET /state
2025-11-20 14:42:25 | Request: GET /state
2025-11-20 14:42:25 | Request: POST /move
2025-11-20 14:42:25 | Move request, body='direction=right', moved=true, timeUp=false.
2025-11-20 14:42:25 | Request: GET /state
2025-11-20 14:42:25 | Request: POST /move
2025-11-20 14:42:25 | Move request, body='direction=down', moved=true, timeUp=false.
2025-11-20 14:42:25 | Request: GET /state
2025-11-20 14:42:25 | Request: GET /state
2025-11-20 14:42:26 | Request: GET /state
2025-11-20 14:42:26 | Request: POST /move
2025-11-20 14:42:26 | Move request, body='direction=down', moved=true, timeUp=false.
2025-11-20 14:42:26 | Request: GET /state
2025-11-20 14:42:26 | Request: POST /move
2025-11-20 14:42:26 | Move request, body='direction=down', moved=true, timeUp=false.
2025-11-20 14:42:26 | Request: GET /state
2025-11-20 14:42:26 | Request: POST /move
2025-11-20 14:42:26 | Move request, body='direction=down', moved=true, timeUp=false.
2025-11-20 14:42:26 | Request: GET /state
2025-11-20 14:42:26 | Request: POST /move
2025-11-20 14:42:26 | Move request, body='direction=down', moved=true, timeUp=false.
2025-11-20 14:42:26 | Request: GET /state
2025-11-20 14:42:26 | Request: POST /move
2025-11-20 14:42:26 | Move request, body='direction=down', moved=true, timeUp=false.
2025-11-20 14:42:26 | Request: GET /state
2025-11-20 14:42:26 | Request: GET /state
2025-11-20 14:42:27 | Request: GET /static/duck2.jpg
2025-11-20 14:42:27 | Request: GET /state
2025-11-20 14:42:27 | Request: GET /state
2025-11-20 14:42:28 | Request: GET /state
2025-11-20 14:42:28 | Request: GET /state
2025-11-20 14:42:29 | Request: GET /state
2025-11-20 14:42:29 | Request: GET /state
2025-11-20 14:42:29 | Request: GET /state
2025-11-20 14:42:30 | Request: GET /state
2025-11-20 14:42:30 | Request: GET /state
2025-11-20 14:42:31 | Request: GET /state
2025-11-20 14:42:31 | Request: GET /state
